<?xml version="1.0" encoding="UTF-8"?>
<testsuite name="com.hivemq.companion.ApplicationTest" tests="1" skipped="0" failures="0" errors="0" timestamp="2026-03-26T14:22:46" hostname="Anthonys-MacBook-Pro.local" time="0.244">
  <properties/>
  <testcase name="health live returns OK" classname="com.hivemq.companion.ApplicationTest" time="0.244"/>
  <system-out><![CDATA[15:22:46.738 [DefaultDispatcher-worker-2 @call-context#3] INFO io.ktor.test -- No ktor.deployment.watch patterns specified, automatic reload is not active.
15:22:46.748 [DefaultDispatcher-worker-2 @call-context#3] INFO io.ktor.test -- Application started in 0.015 seconds.
15:22:46.749 [DefaultDispatcher-worker-3 @coroutine#4] INFO io.ktor.test -- Responding at http://localhost:80
15:22:46.749 [DefaultDispatcher-worker-3 @coroutine#4] INFO io.ktor.test -- Responding at https://localhost:443
]]></system-out>
  <system-err><![CDATA[]]></system-err>
</testsuite>
